<?xml version="1.0" encoding="UTF-8"?>
<!-- Generated by org.testng.reporters.JUnitXMLReporter -->
<testsuite ignored="0" hostname="DESKTOP-MCMAE2L" failures="3" tests="6" name="Test" time="48.45" errors="0" timestamp="2021-05-10T21:32:20 EDT">
  <testcase classname="myTests.baseTestClass" name="InValidLogin" time="1.292">
    <failure type="java.lang.AssertionError" message="Message Provided not matched with the Actual Result expected [true] but found [false]">
      <![CDATA[java.lang.AssertionError: Message Provided not matched with the Actual Result expected [true] but found [false]
at com.mypages.base.verifyMessagePrompted(base.java:83)
at myTests.baseTestClass.InValidLogin(baseTestClass.java:89)
at java.base/java.util.ArrayList.forEach(ArrayList.java:1541)
... Removed 30 stack frames]]>
    </failure>
  </testcase> <!-- InValidLogin -->
  <testcase classname="myTests.baseTestClass" name="ValidLogin" time="11.213"/>
  <testcase classname="myTests.baseTestClass" name="VerifyElementsPresentInLoginPage" time="0.344"/>
  <testcase classname="myTests.baseTestClass" name="VerifyLoginWithJustPassword" time="0.757">
    <failure type="java.lang.AssertionError" message="Message Provided not matched with the Actual Result expected [true] but found [false]">
      <![CDATA[java.lang.AssertionError: Message Provided not matched with the Actual Result expected [true] but found [false]
at com.mypages.base.verifyMessagePrompted(base.java:83)
at myTests.baseTestClass.VerifyLoginWithJustPassword(baseTestClass.java:101)
at java.base/java.util.ArrayList.forEach(ArrayList.java:1541)
... Removed 30 stack frames]]>
    </failure>
  </testcase> <!-- VerifyLoginWithJustPassword -->
  <testcase classname="myTests.baseTestClass" name="VerifyLoginWithJustUserName" time="0.724">
    <failure type="java.lang.AssertionError" message="Message Provided not matched with the Actual Result expected [true] but found [false]">
      <![CDATA[java.lang.AssertionError: Message Provided not matched with the Actual Result expected [true] but found [false]
at com.mypages.base.verifyMessagePrompted(base.java:83)
at myTests.baseTestClass.VerifyLoginWithJustUserName(baseTestClass.java:95)
at java.base/java.util.ArrayList.forEach(ArrayList.java:1541)
... Removed 30 stack frames]]>
    </failure>
  </testcase> <!-- VerifyLoginWithJustUserName -->
  <testcase classname="myTests.baseTestClass" name="verifySearchResults" time="2.465"/>
</testsuite> <!-- Test -->
