<?xml version="1.0" encoding="UTF-8"?>
<!-- Generated by org.testng.reporters.JUnitXMLReporter -->
<testsuite hostname="DESKTOP-MCMAE2L" failures="3" tests="6" name="Test" time="36.981" errors="0" timestamp="10 May 2021 04:58:14 GMT">
  <testcase classname="myTests.baseTestClass" name="InValidLogin" time="0.995">
    <failure type="java.lang.AssertionError" message="Message Provided not matched with the Actual Result expected [true] but found [false]">
      <![CDATA[java.lang.AssertionError: Message Provided not matched with the Actual Result expected [true] but found [false]
	at com.mypages.base.verifyMessagePrompted(base.java:83)
	at myTests.baseTestClass.InValidLogin(baseTestClass.java:89)
... Removed 31 stack frames]]>
    </failure>
  </testcase> <!-- InValidLogin -->
  <testcase classname="myTests.baseTestClass" name="ValidLogin" time="10.967"/>
  <testcase classname="myTests.baseTestClass" name="VerifyElementsPresentInLoginPage" time="0.221"/>
  <testcase classname="myTests.baseTestClass" name="VerifyLoginWithJustPassword" time="0.564">
    <failure type="java.lang.AssertionError" message="Message Provided not matched with the Actual Result expected [true] but found [false]">
      <![CDATA[java.lang.AssertionError: Message Provided not matched with the Actual Result expected [true] but found [false]
	at com.mypages.base.verifyMessagePrompted(base.java:83)
	at myTests.baseTestClass.VerifyLoginWithJustPassword(baseTestClass.java:101)
... Removed 31 stack frames]]>
    </failure>
  </testcase> <!-- VerifyLoginWithJustPassword -->
  <testcase classname="myTests.baseTestClass" name="VerifyLoginWithJustUserName" time="0.778">
    <failure type="java.lang.AssertionError" message="Message Provided not matched with the Actual Result expected [true] but found [false]">
      <![CDATA[java.lang.AssertionError: Message Provided not matched with the Actual Result expected [true] but found [false]
	at com.mypages.base.verifyMessagePrompted(base.java:83)
	at myTests.baseTestClass.VerifyLoginWithJustUserName(baseTestClass.java:95)
... Removed 31 stack frames]]>
    </failure>
  </testcase> <!-- VerifyLoginWithJustUserName -->
  <testcase classname="myTests.baseTestClass" name="verifySearchResults" time="2.362"/>
</testsuite> <!-- Test -->
