<?xml version="1.0" encoding="UTF-8"?>
<testsuite xmlns:xsi="http://www.w3.org/2001/XMLSchema-instance" xsi:noNamespaceSchemaLocation="https://maven.apache.org/surefire/maven-surefire-plugin/xsd/surefire-test-report-3.0.xsd" version="3.0" name="TestSuite" time="38.315" tests="6" errors="0" skipped="0" failures="3">
  <properties>
[...]
</properties>
  <testcase name="InValidLogin" classname="myTests.baseTestClass" time="1.004">
    <failure message="Message Provided not matched with the Actual Result expected [true] but found [false]" type="java.lang.AssertionError"><![CDATA[java.lang.AssertionError: Message Provided not matched with the Actual Result expected [true] but found [false]
	at myTests.baseTestClass.InValidLogin(baseTestClass.java:89)
]]></failure>
    <system-out><![CDATA[**********Test Started********* InValidLogin
]]></system-out>
    <system-err><![CDATA[Starting ChromeDriver 90.0.4430.24 (4c6d850f087da467d926e8eddb76550aed655991-refs/branch-heads/4430@{#429}) on port 25230
Only local connections are allowed.
Please see https://chromedriver.chromium.org/security-considerations for suggestions on keeping ChromeDriver safe.
ChromeDriver was started successfully.
May 10, 2021 12:57:39 A.M. org.openqa.selenium.remote.ProtocolHandshake createSession
INFO: Detected dialect: W3C
]]></system-err>
  </testcase>
  <testcase name="ValidLogin" classname="myTests.baseTestClass" time="10.969"/>
  <testcase name="VerifyElementsPresentInLoginPage" classname="myTests.baseTestClass" time="0.222"/>
  <testcase name="VerifyLoginWithJustPassword" classname="myTests.baseTestClass" time="0.564">
    <failure message="Message Provided not matched with the Actual Result expected [true] but found [false]" type="java.lang.AssertionError"><![CDATA[java.lang.AssertionError: Message Provided not matched with the Actual Result expected [true] but found [false]
	at myTests.baseTestClass.VerifyLoginWithJustPassword(baseTestClass.java:101)
]]></failure>
    <system-out><![CDATA[**********Test Success********* VerifyElementsPresentInLoginPage
**********Test Started********* VerifyLoginWithJustPassword
]]></system-out>
    <system-err><![CDATA[Starting ChromeDriver 90.0.4430.24 (4c6d850f087da467d926e8eddb76550aed655991-refs/branch-heads/4430@{#429}) on port 20381
Only local connections are allowed.
Please see https://chromedriver.chromium.org/security-considerations for suggestions on keeping ChromeDriver safe.
ChromeDriver was started successfully.
May 10, 2021 12:58:02 A.M. org.openqa.selenium.remote.ProtocolHandshake createSession
INFO: Detected dialect: W3C
]]></system-err>
  </testcase>
  <testcase name="VerifyLoginWithJustUserName" classname="myTests.baseTestClass" time="0.779">
    <failure message="Message Provided not matched with the Actual Result expected [true] but found [false]" type="java.lang.AssertionError"><![CDATA[java.lang.AssertionError: Message Provided not matched with the Actual Result expected [true] but found [false]
	at myTests.baseTestClass.VerifyLoginWithJustUserName(baseTestClass.java:95)
]]></failure>
    <system-out><![CDATA[**********Test Started********* VerifyLoginWithJustUserName
]]></system-out>
    <system-err><![CDATA[Starting ChromeDriver 90.0.4430.24 (4c6d850f087da467d926e8eddb76550aed655991-refs/branch-heads/4430@{#429}) on port 40555
Only local connections are allowed.
Please see https://chromedriver.chromium.org/security-considerations for suggestions on keeping ChromeDriver safe.
ChromeDriver was started successfully.
May 10, 2021 12:58:06 A.M. org.openqa.selenium.remote.ProtocolHandshake createSession
INFO: Detected dialect: W3C
]]></system-err>
  </testcase>
  <testcase name="verifySearchResults" classname="myTests.baseTestClass" time="2.361"/>
</testsuite>